<?xml version="1.0" encoding="UTF-8"?>
<!-- Generated by org.testng.reporters.JUnitXMLReporter -->
<testsuite ignored="0" hostname="MohammedAkhtar-PC" failures="1" tests="5" name="Surefire test" time="73.044" errors="0" timestamp="2024-09-14T17:02:25 IST">
  <testcase classname="rahulshettyacademy.tests.ErrorValidationTest" name="loginValidation" time="0.75"/>
  <testcase classname="rahulshettyacademy.tests.ErrorValidationTest" name="productErrorValidation" time="13.287"/>
  <testcase classname="rahulshettyacademy.tests.SubmitOrderTest" name="submitOrder" time="24.48"/>
  <testcase classname="rahulshettyacademy.tests.SubmitOrderTest" name="submitOrder" time="13.254">
    <failure type="java.lang.AssertionError" message="Item NOT Present in cart expected [true] but found [false]">
      <![CDATA[java.lang.AssertionError: Item NOT Present in cart expected [true] but found [false]
at rahulshettyacademy.tests.SubmitOrderTest.submitOrder(SubmitOrderTest.java:52)
at java.base/java.util.ArrayList.forEach(ArrayList.java:1511)
... Removed 35 stack frames]]>
    </failure>
  </testcase> <!-- submitOrder -->
  <testcase classname="rahulshettyacademy.tests.SubmitOrderTest" name="OrderHistoryTest" time="0.0">
    <skipped/>
  </testcase> <!-- OrderHistoryTest -->
</testsuite> <!-- Surefire test -->
