<?xml version="1.0" encoding="UTF-8"?>
<!-- Generated by org.testng.reporters.JUnitXMLReporter -->
<testsuite ignored="0" hostname="MohammedAkhtar-PC" failures="1" tests="3" name="Error Validations Test" time="26.175" errors="0" timestamp="2024-09-14T16:22:49 IST">
  <testcase classname="rahulshettyacademy.tests.ErrorValidationTest" name="loginValidation" time="0.921">
    <skipped/>
  </testcase> <!-- loginValidation -->
  <testcase classname="rahulshettyacademy.tests.ErrorValidationTest" name="loginValidation" time="0.998">
    <failure type="java.lang.AssertionError" message="expected [Incorrect email or password.] but found [Login Successfully]">
      <![CDATA[java.lang.AssertionError: expected [Incorrect email or password.] but found [Login Successfully]
at rahulshettyacademy.tests.ErrorValidationTest.loginValidation(ErrorValidationTest.java:40)
at java.base/java.util.ArrayList.forEach(ArrayList.java:1511)
at java.base/java.util.concurrent.FutureTask.run(FutureTask.java:264)
at java.base/java.util.concurrent.ThreadPoolExecutor.runWorker(ThreadPoolExecutor.java:1136)
at java.base/java.util.concurrent.ThreadPoolExecutor$Worker.run(ThreadPoolExecutor.java:635)
at java.base/java.lang.Thread.run(Thread.java:842)
... Removed 23 stack frames]]>
    </failure>
  </testcase> <!-- loginValidation -->
  <testcase classname="rahulshettyacademy.tests.ErrorValidationTest" name="productErrorValidation" time="13.017"/>
</testsuite> <!-- Error Validations Test -->
